<?xml version="1.0" encoding="UTF-8"?>
<testsuite name="com.spring.sample.dashboard.SampleDashboardApplicationTests" tests="1" skipped="0" failures="0" errors="0" timestamp="2017-01-10T04:04:45" hostname="BenMac.local" time="0.002">
  <properties/>
  <testcase name="contextLoads" classname="com.spring.sample.dashboard.SampleDashboardApplicationTests" time="0.002"/>
  <system-out><![CDATA[12:04:42.332 [Test worker] DEBUG org.springframework.test.context.junit4.SpringJUnit4ClassRunner - SpringJUnit4ClassRunner constructor called with [class com.spring.sample.dashboard.SampleDashboardApplicationTests]
12:04:42.337 [Test worker] DEBUG org.springframework.test.context.BootstrapUtils - Instantiating CacheAwareContextLoaderDelegate from class [org.springframework.test.context.cache.DefaultCacheAwareContextLoaderDelegate]
12:04:42.342 [Test worker] DEBUG org.springframework.test.context.BootstrapUtils - Instantiating BootstrapContext using constructor [public org.springframework.test.context.support.DefaultBootstrapContext(java.lang.Class,org.springframework.test.context.CacheAwareContextLoaderDelegate)]
12:04:42.351 [Test worker] DEBUG org.springframework.test.context.BootstrapUtils - Instantiating TestContextBootstrapper for test class [com.spring.sample.dashboard.SampleDashboardApplicationTests] from class [org.springframework.test.context.support.DefaultTestContextBootstrapper]
12:04:42.371 [Test worker] DEBUG org.springframework.test.context.support.DefaultTestContextBootstrapper - Found explicit ContextLoader class [org.springframework.boot.test.SpringApplicationContextLoader] for context configuration attributes [ContextConfigurationAttributes@1a7b2f84 declaringClass = 'com.spring.sample.dashboard.SampleDashboardApplicationTests', classes = '{class com.spring.sample.dashboard.SampleDashboardApplication}', locations = '{}', inheritLocations = true, initializers = '{}', inheritInitializers = true, name = [null], contextLoaderClass = 'org.springframework.boot.test.SpringApplicationContextLoader']
12:04:42.378 [Test worker] DEBUG org.springframework.test.context.support.AbstractContextLoader - Did not detect default resource location for test class [com.spring.sample.dashboard.SampleDashboardApplicationTests]: class path resource [com/spring/sample/dashboard/SampleDashboardApplicationTests-context.xml] does not exist
12:04:42.379 [Test worker] DEBUG org.springframework.test.context.support.AbstractContextLoader - Did not detect default resource location for test class [com.spring.sample.dashboard.SampleDashboardApplicationTests]: class path resource [com/spring/sample/dashboard/SampleDashboardApplicationTestsContext.groovy] does not exist
12:04:42.379 [Test worker] INFO org.springframework.test.context.support.AbstractContextLoader - Could not detect default resource locations for test class [com.spring.sample.dashboard.SampleDashboardApplicationTests]: no resource found for suffixes {-context.xml, Context.groovy}.
12:04:42.380 [Test worker] DEBUG org.springframework.test.context.support.ActiveProfilesUtils - Could not find an 'annotation declaring class' for annotation type [org.springframework.test.context.ActiveProfiles] and class [com.spring.sample.dashboard.SampleDashboardApplicationTests]
12:04:42.384 [Test worker] DEBUG org.springframework.test.context.support.DefaultTestContextBootstrapper - @TestExecutionListeners is not present for class [com.spring.sample.dashboard.SampleDashboardApplicationTests]: using defaults.
12:04:42.392 [Test worker] INFO org.springframework.test.context.support.DefaultTestContextBootstrapper - Loaded default TestExecutionListener class names from location [META-INF/spring.factories]: [org.springframework.test.context.web.ServletTestExecutionListener, org.springframework.test.context.support.DirtiesContextBeforeModesTestExecutionListener, org.springframework.test.context.support.DependencyInjectionTestExecutionListener, org.springframework.test.context.support.DirtiesContextTestExecutionListener, org.springframework.test.context.transaction.TransactionalTestExecutionListener, org.springframework.test.context.jdbc.SqlScriptsTestExecutionListener]
12:04:42.397 [Test worker] INFO org.springframework.test.context.support.DefaultTestContextBootstrapper - Could not instantiate TestExecutionListener [org.springframework.test.context.jdbc.SqlScriptsTestExecutionListener]. Specify custom listener classes or make the default listener classes (and their required dependencies) available. Offending class: [org/springframework/transaction/interceptor/TransactionAttribute]
12:04:42.399 [Test worker] INFO org.springframework.test.context.support.DefaultTestContextBootstrapper - Could not instantiate TestExecutionListener [org.springframework.test.context.transaction.TransactionalTestExecutionListener]. Specify custom listener classes or make the default listener classes (and their required dependencies) available. Offending class: [org/springframework/transaction/interceptor/TransactionAttributeSource]
12:04:42.404 [Test worker] INFO org.springframework.test.context.support.DefaultTestContextBootstrapper - Using TestExecutionListeners: [org.springframework.test.context.web.ServletTestExecutionListener@339fd8fb, org.springframework.test.context.support.DirtiesContextBeforeModesTestExecutionListener@2c582a23, org.springframework.test.context.support.DependencyInjectionTestExecutionListener@197b9514, org.springframework.test.context.support.DirtiesContextTestExecutionListener@4601607c]
12:04:42.408 [Test worker] DEBUG org.springframework.test.annotation.ProfileValueUtils - Retrieved @ProfileValueSourceConfiguration [null] for test class [com.spring.sample.dashboard.SampleDashboardApplicationTests]
12:04:42.408 [Test worker] DEBUG org.springframework.test.annotation.ProfileValueUtils - Retrieved ProfileValueSource type [class org.springframework.test.annotation.SystemProfileValueSource] for class [com.spring.sample.dashboard.SampleDashboardApplicationTests]
12:04:42.409 [Test worker] DEBUG org.springframework.test.annotation.ProfileValueUtils - Retrieved @ProfileValueSourceConfiguration [null] for test class [com.spring.sample.dashboard.SampleDashboardApplicationTests]
12:04:42.409 [Test worker] DEBUG org.springframework.test.annotation.ProfileValueUtils - Retrieved ProfileValueSource type [class org.springframework.test.annotation.SystemProfileValueSource] for class [com.spring.sample.dashboard.SampleDashboardApplicationTests]
12:04:42.412 [Test worker] DEBUG org.springframework.test.context.support.AbstractDirtiesContextTestExecutionListener - Before test class: context [DefaultTestContext@4e50da25 testClass = SampleDashboardApplicationTests, testInstance = [null], testMethod = [null], testException = [null], mergedContextConfiguration = [MergedContextConfiguration@34589186 testClass = SampleDashboardApplicationTests, locations = '{}', classes = '{class com.spring.sample.dashboard.SampleDashboardApplication}', contextInitializerClasses = '[]', activeProfiles = '{}', propertySourceLocations = '{}', propertySourceProperties = '{}', contextLoader = 'org.springframework.boot.test.SpringApplicationContextLoader', parent = [null]]], class annotated with @DirtiesContext [false] with mode [null].
12:04:42.413 [Test worker] DEBUG org.springframework.test.annotation.ProfileValueUtils - Retrieved @ProfileValueSourceConfiguration [null] for test class [com.spring.sample.dashboard.SampleDashboardApplicationTests]
12:04:42.413 [Test worker] DEBUG org.springframework.test.annotation.ProfileValueUtils - Retrieved ProfileValueSource type [class org.springframework.test.annotation.SystemProfileValueSource] for class [com.spring.sample.dashboard.SampleDashboardApplicationTests]
12:04:42.415 [Test worker] DEBUG org.springframework.test.context.support.DependencyInjectionTestExecutionListener - Performing dependency injection for test context [[DefaultTestContext@4e50da25 testClass = SampleDashboardApplicationTests, testInstance = com.spring.sample.dashboard.SampleDashboardApplicationTests@28fce58a, testMethod = [null], testException = [null], mergedContextConfiguration = [MergedContextConfiguration@34589186 testClass = SampleDashboardApplicationTests, locations = '{}', classes = '{class com.spring.sample.dashboard.SampleDashboardApplication}', contextInitializerClasses = '[]', activeProfiles = '{}', propertySourceLocations = '{}', propertySourceProperties = '{}', contextLoader = 'org.springframework.boot.test.SpringApplicationContextLoader', parent = [null]]]].
12:04:42.499 [Test worker] DEBUG org.springframework.core.env.StandardEnvironment - Adding [systemProperties] PropertySource with lowest search precedence
12:04:42.501 [Test worker] DEBUG org.springframework.core.env.StandardEnvironment - Adding [systemEnvironment] PropertySource with lowest search precedence
12:04:42.501 [Test worker] DEBUG org.springframework.core.env.StandardEnvironment - Initialized StandardEnvironment with PropertySources [systemProperties,systemEnvironment]
12:04:42.503 [Test worker] DEBUG org.springframework.core.env.StandardEnvironment - Adding [integrationTest] PropertySource with search precedence immediately lower than [systemEnvironment]
2017-01-10 12:04:43.525  INFO 2677 --- [    Test worker] s.c.a.AnnotationConfigApplicationContext : Refreshing org.springframework.context.annotation.AnnotationConfigApplicationContext@6bf2514: startup date [Tue Jan 10 12:04:43 HKT 2017]; root of context hierarchy
2017-01-10 12:04:43.782  INFO 2677 --- [    Test worker] trationDelegate$BeanPostProcessorChecker : Bean 'configurationPropertiesRebinderAutoConfiguration' of type [class org.springframework.cloud.autoconfigure.ConfigurationPropertiesRebinderAutoConfiguration$$EnhancerBySpringCGLIB$$de16a1fa] is not eligible for getting processed by all BeanPostProcessors (for example: not eligible for auto-proxying)

  .   ____          _            __ _ _
 /\\ / ___'_ __ _ _(_)_ __  __ _ \ \ \ \
( ( )\___ | '_ | '_| | '_ \/ _` | \ \ \ \
 \\/  ___)| |_)| | | | | || (_| |  ) ) ) )
  '  |____| .__|_| |_|_| |_\__, | / / / /
 =========|_|==============|___/=/_/_/_/
 :: Spring Boot ::        (v1.3.8.RELEASE)

2017-01-10 12:04:44.179  INFO 2677 --- [    Test worker] c.s.s.d.SampleDashboardApplicationTests  : No active profile set, falling back to default profiles: default
2017-01-10 12:04:44.194  INFO 2677 --- [    Test worker] s.c.a.AnnotationConfigApplicationContext : Refreshing org.springframework.context.annotation.AnnotationConfigApplicationContext@7235728b: startup date [Tue Jan 10 12:04:44 HKT 2017]; parent: org.springframework.context.annotation.AnnotationConfigApplicationContext@6bf2514
2017-01-10 12:04:44.601  WARN 2677 --- [    Test worker] o.s.c.a.ConfigurationClassPostProcessor  : Cannot enhance @Configuration bean definition 'refreshScope' since its singleton instance has been created too early. The typical cause is a non-static @Bean method with a BeanDefinitionRegistryPostProcessor return type: Consider declaring such methods as 'static'.
2017-01-10 12:04:44.643  INFO 2677 --- [    Test worker] o.s.cloud.context.scope.GenericScope     : BeanFactory id=7f0e5d27-b605-3ef7-9f4e-46230d629ec8
2017-01-10 12:04:44.654  INFO 2677 --- [    Test worker] trationDelegate$BeanPostProcessorChecker : Bean 'org.springframework.cloud.autoconfigure.ConfigurationPropertiesRebinderAutoConfiguration' of type [class org.springframework.cloud.autoconfigure.ConfigurationPropertiesRebinderAutoConfiguration$$EnhancerBySpringCGLIB$$de16a1fa] is not eligible for getting processed by all BeanPostProcessors (for example: not eligible for auto-proxying)
2017-01-10 12:04:44.765  INFO 2677 --- [    Test worker] o.s.ui.freemarker.SpringTemplateLoader   : SpringTemplateLoader for FreeMarker: using resource loader [org.springframework.context.annotation.AnnotationConfigApplicationContext@7235728b: startup date [Tue Jan 10 12:04:44 HKT 2017]; parent: org.springframework.context.annotation.AnnotationConfigApplicationContext@6bf2514] and template loader path [classpath:/templates/]
2017-01-10 12:04:44.766  INFO 2677 --- [    Test worker] o.s.w.s.v.f.FreeMarkerConfigurer         : ClassTemplateLoader for Spring macros added to FreeMarker configuration
2017-01-10 12:04:44.963  INFO 2677 --- [    Test worker] o.s.ui.freemarker.SpringTemplateLoader   : SpringTemplateLoader for FreeMarker: using resource loader [org.springframework.context.annotation.AnnotationConfigApplicationContext@7235728b: startup date [Tue Jan 10 12:04:44 HKT 2017]; parent: org.springframework.context.annotation.AnnotationConfigApplicationContext@6bf2514] and template loader path [classpath:/templates/]
2017-01-10 12:04:45.058  WARN 2677 --- [    Test worker] o.s.c.n.a.ArchaiusAutoConfiguration      : No spring.application.name found, defaulting to 'application'
2017-01-10 12:04:45.062  WARN 2677 --- [    Test worker] c.n.c.sources.URLConfigurationSource     : No URLs will be polled as dynamic configuration sources.
2017-01-10 12:04:45.062  INFO 2677 --- [    Test worker] c.n.c.sources.URLConfigurationSource     : To enable URLs as dynamic configuration sources, define System property archaius.configurationSource.additionalUrls or make config.properties available on classpath.
2017-01-10 12:04:45.069  WARN 2677 --- [    Test worker] c.n.c.sources.URLConfigurationSource     : No URLs will be polled as dynamic configuration sources.
2017-01-10 12:04:45.069  INFO 2677 --- [    Test worker] c.n.c.sources.URLConfigurationSource     : To enable URLs as dynamic configuration sources, define System property archaius.configurationSource.additionalUrls or make config.properties available on classpath.
2017-01-10 12:04:45.175  INFO 2677 --- [    Test worker] c.s.s.d.SampleDashboardApplicationTests  : Started SampleDashboardApplicationTests in 2.669 seconds (JVM running for 3.601)
]]></system-out>
  <system-err><![CDATA[]]></system-err>
</testsuite>
